TN:
SF:/home/bryanbv10/Documentos/mydevelopers/Vuedex/vuedex/jest.config.js
FNF:0
FNH:0
DA:1,0
LF:1
LH:0
BRF:0
BRH:0
end_of_record
TN:
SF:/home/bryanbv10/Documentos/mydevelopers/Vuedex/vuedex/src/App.vue
FN:36,(anonymous_1)
FN:49,(anonymous_2)
FN:76,(anonymous_3)
FN:92,(anonymous_4)
FN:97,(anonymous_5)
FNF:5
FNH:5
FNDA:3,(anonymous_1)
FNDA:6,(anonymous_2)
FNDA:3,(anonymous_3)
FNDA:3,(anonymous_4)
FNDA:3,(anonymous_5)
DA:29,3
DA:30,3
DA:37,3
DA:50,6
DA:77,3
DA:78,3
DA:79,3
DA:80,3
DA:81,3
DA:82,3
DA:83,3
DA:84,3
DA:85,3
DA:86,3
DA:88,0
DA:97,3
DA:100,3
DA:101,3
LF:18
LH:17
BRF:0
BRH:0
end_of_record
